2024-05-31 13:22:41,712 INFO  [org.jboss.modules] (main) JBoss Modules version 2.1.5.Final
2024-05-31 13:22:42,965 INFO  [org.jboss.msc] (main) JBoss MSC version 1.5.4.Final
2024-05-31 13:22:42,983 INFO  [org.jboss.threads] (main) JBoss Threads version 2.4.0.Final
2024-05-31 13:22:43,160 INFO  [org.jboss.as] (MSC service thread 1-2) WFLYSRV0049: WildFly Full 32.0.0.Final (WildFly Core 24.0.0.Final) starting
2024-05-31 13:22:43,162 DEBUG [org.jboss.as.config] (MSC service thread 1-2) Configured system properties:
	[Standalone] = 
	file.encoding = UTF-8
	file.separator = /
	java.awt.headless = true
	java.class.path = /home/carlos/Documents/GenericOnlineLibrary/backend/wildfly-32.0.0.Final/jboss-modules.jar
	java.class.version = 65.0
	java.home = /home/carlos/.jdks/openjdk-21.0.2
	java.io.tmpdir = /tmp
	java.library.path = /usr/java/packages/lib:/usr/lib64:/lib64:/lib:/usr/lib
	java.net.preferIPv4Stack = true
	java.runtime.name = OpenJDK Runtime Environment
	java.runtime.version = 21.0.2+13-58
	java.security.manager = allow
	java.specification.name = Java Platform API Specification
	java.specification.vendor = Oracle Corporation
	java.specification.version = 21
	java.util.logging.manager = org.jboss.logmanager.LogManager
	java.vendor = Oracle Corporation
	java.vendor.url = https://java.oracle.com/
	java.vendor.url.bug = https://bugreport.java.com/bugreport/
	java.version = 21.0.2
	java.version.date = 2024-01-16
	java.vm.compressedOopsMode = 32-bit
	java.vm.info = mixed mode, sharing
	java.vm.name = OpenJDK 64-Bit Server VM
	java.vm.specification.name = Java Virtual Machine Specification
	java.vm.specification.vendor = Oracle Corporation
	java.vm.specification.version = 21
	java.vm.vendor = Oracle Corporation
	java.vm.version = 21.0.2+13-58
	javax.management.builder.initial = org.jboss.as.jmx.PluggableMBeanServerBuilder
	jboss.home.dir = /home/carlos/Documents/GenericOnlineLibrary/backend/wildfly-32.0.0.Final
	jboss.host.name = h
	jboss.modules.system.pkgs = org.jboss.byteman
	jboss.node.name = h
	jboss.qualified.host.name = h
	jboss.server.base.dir = /home/carlos/Documents/GenericOnlineLibrary/backend/wildfly-32.0.0.Final/standalone
	jboss.server.config.dir = /home/carlos/Documents/GenericOnlineLibrary/backend/wildfly-32.0.0.Final/standalone/configuration
	jboss.server.data.dir = /home/carlos/Documents/GenericOnlineLibrary/backend/wildfly-32.0.0.Final/standalone/data
	jboss.server.log.dir = /home/carlos/Documents/GenericOnlineLibrary/backend/wildfly-32.0.0.Final/standalone/log
	jboss.server.name = h
	jboss.server.persist.config = true
	jboss.server.temp.dir = /home/carlos/Documents/GenericOnlineLibrary/backend/wildfly-32.0.0.Final/standalone/tmp
	jdk.debug = release
	jdk.serialFilter = maxbytes=10485760;maxdepth=128;maxarray=100000;maxrefs=300000
	line.separator = 

	logging.configuration = file:/home/carlos/Documents/GenericOnlineLibrary/backend/wildfly-32.0.0.Final/standalone/configuration/logging.properties
	module.path = /home/carlos/Documents/GenericOnlineLibrary/backend/wildfly-32.0.0.Final/modules
	native.encoding = UTF-8
	org.jboss.boot.log.file = /home/carlos/Documents/GenericOnlineLibrary/backend/wildfly-32.0.0.Final/standalone/log/server.log
	org.jboss.resolver.warning = true
	os.arch = amd64
	os.name = Linux
	os.version = 6.5.0-35-generic
	path.separator = :
	stderr.encoding = UTF-8
	stdout.encoding = UTF-8
	sun.arch.data.model = 64
	sun.boot.library.path = /home/carlos/.jdks/openjdk-21.0.2/lib
	sun.cpu.endian = little
	sun.io.unicode.encoding = UnicodeLittle
	sun.java.command = /home/carlos/Documents/GenericOnlineLibrary/backend/wildfly-32.0.0.Final/jboss-modules.jar -mp /home/carlos/Documents/GenericOnlineLibrary/backend/wildfly-32.0.0.Final/modules org.jboss.as.standalone -Djboss.home.dir=/home/carlos/Documents/GenericOnlineLibrary/backend/wildfly-32.0.0.Final -Djboss.server.base.dir=/home/carlos/Documents/GenericOnlineLibrary/backend/wildfly-32.0.0.Final/standalone
	sun.java.launcher = SUN_STANDARD
	sun.jnu.encoding = UTF-8
	sun.management.compiler = HotSpot 64-Bit Tiered Compilers
	user.country = US
	user.dir = /home/carlos/Documents/GenericOnlineLibrary/backend/wildfly-32.0.0.Final/bin
	user.home = /home/carlos
	user.language = en
	user.name = carlos
	user.timezone = Europe/Lisbon
2024-05-31 13:22:43,163 DEBUG [org.jboss.as.config] (MSC service thread 1-2) VM Arguments: -D[Standalone] -Djdk.serialFilter=maxbytes=10485760;maxdepth=128;maxarray=100000;maxrefs=300000 -Xms64m -Xmx512m -XX:MetaspaceSize=96M -XX:MaxMetaspaceSize=256m -Djava.net.preferIPv4Stack=true -Djboss.modules.system.pkgs=org.jboss.byteman -Djava.awt.headless=true --add-exports=java.desktop/sun.awt=ALL-UNNAMED --add-exports=java.naming/com.sun.jndi.ldap=ALL-UNNAMED --add-exports=java.naming/com.sun.jndi.url.ldap=ALL-UNNAMED --add-exports=java.naming/com.sun.jndi.url.ldaps=ALL-UNNAMED --add-exports=jdk.naming.dns/com.sun.jndi.dns=ALL-UNNAMED --add-opens=java.base/java.lang=ALL-UNNAMED --add-opens=java.base/java.lang.invoke=ALL-UNNAMED --add-opens=java.base/java.lang.reflect=ALL-UNNAMED --add-opens=java.base/java.io=ALL-UNNAMED --add-opens=java.base/java.net=ALL-UNNAMED --add-opens=java.base/java.security=ALL-UNNAMED --add-opens=java.base/java.util=ALL-UNNAMED --add-opens=java.base/java.util.concurrent=ALL-UNNAMED --add-opens=java.management/javax.management=ALL-UNNAMED --add-opens=java.naming/javax.naming=ALL-UNNAMED -Djava.security.manager=allow -Dorg.jboss.boot.log.file=/home/carlos/Documents/GenericOnlineLibrary/backend/wildfly-32.0.0.Final/standalone/log/server.log -Dlogging.configuration=file:/home/carlos/Documents/GenericOnlineLibrary/backend/wildfly-32.0.0.Final/standalone/configuration/logging.properties 
2024-05-31 13:22:44,936 INFO  [org.wildfly.security] (Controller Boot Thread) ELY00001: WildFly Elytron version 2.4.1.Final
2024-05-31 13:22:45,854 INFO  [org.jboss.as.controller.management-deprecated] (ServerService Thread Pool -- 17) WFLYCTL0028: Attribute 'cluster' in the resource at address '/subsystem=ejb3/service=remote' is deprecated, and may be removed in a future version. See the attribute description in the output of the read-resource-description operation to learn more about the deprecation.
2024-05-31 13:22:45,931 INFO  [org.jboss.as.server] (Controller Boot Thread) WFLYSRV0039: Creating http management service using socket-binding (management-http)
2024-05-31 13:22:45,949 INFO  [org.xnio] (MSC service thread 1-6) XNIO version 3.8.14.Final
2024-05-31 13:22:45,959 INFO  [org.xnio.nio] (MSC service thread 1-6) XNIO NIO Implementation Version 3.8.14.Final
2024-05-31 13:22:46,034 INFO  [org.wildfly.extension.elytron.oidc._private] (ServerService Thread Pool -- 53) WFLYOIDC0001: Activating WildFly Elytron OIDC Subsystem
2024-05-31 13:22:46,057 INFO  [org.wildfly.extension.health] (ServerService Thread Pool -- 54) WFLYHEALTH0001: Activating Base Health Subsystem
2024-05-31 13:22:46,074 INFO  [org.jboss.as.clustering.infinispan] (ServerService Thread Pool -- 55) WFLYCLINF0001: Activating Infinispan subsystem.
2024-05-31 13:22:46,100 INFO  [org.jboss.remoting] (MSC service thread 1-3) JBoss Remoting version 5.0.28.Final
2024-05-31 13:22:46,121 INFO  [org.jboss.as.connector.subsystems.datasources] (ServerService Thread Pool -- 44) WFLYJCA0004: Deploying JDBC-compliant driver class org.h2.Driver (version 2.2)
2024-05-31 13:22:46,173 INFO  [org.wildfly.extension.io] (ServerService Thread Pool -- 56) WFLYIO001: Worker 'default' has auto-configured to 8 IO threads with 64 max task threads based on your 4 available processors
2024-05-31 13:22:46,178 INFO  [org.jboss.as.connector] (MSC service thread 1-3) WFLYJCA0009: Starting Jakarta Connectors Subsystem (WildFly/IronJacamar 3.0.9.Final)
2024-05-31 13:22:46,188 WARN  [org.wildfly.extension.elytron] (MSC service thread 1-6) WFLYELY00023: KeyStore file '/home/carlos/Documents/GenericOnlineLibrary/backend/wildfly-32.0.0.Final/standalone/configuration/application.keystore' does not exist. Used blank.
2024-05-31 13:22:46,197 INFO  [org.jboss.as.connector.deployers.jdbc] (MSC service thread 1-3) WFLYJCA0018: Started Driver service with driver-name = h2
2024-05-31 13:22:46,193 INFO  [org.jboss.as.jaxrs] (ServerService Thread Pool -- 57) WFLYRS0016: RESTEasy version 6.2.8.Final
2024-05-31 13:22:46,216 WARN  [org.wildfly.extension.elytron] (MSC service thread 1-2) WFLYELY01084: KeyStore /home/carlos/Documents/GenericOnlineLibrary/backend/wildfly-32.0.0.Final/standalone/configuration/application.keystore not found, it will be auto-generated on first use with a self-signed certificate for host localhost
2024-05-31 13:22:46,220 INFO  [org.jboss.as.jsf] (ServerService Thread Pool -- 62) WFLYJSF0007: Activated the following Jakarta Server Faces Implementations: [main]
2024-05-31 13:22:46,231 INFO  [org.wildfly.extension.microprofile.config.smallrye] (ServerService Thread Pool -- 65) WFLYCONF0001: Activating MicroProfile Config Subsystem
2024-05-31 13:22:46,261 INFO  [org.jboss.as.naming] (ServerService Thread Pool -- 67) WFLYNAM0001: Activating Naming Subsystem
2024-05-31 13:22:46,263 INFO  [org.wildfly.extension.microprofile.jwt.smallrye] (ServerService Thread Pool -- 66) WFLYJWT0001: Activating MicroProfile JWT Subsystem
2024-05-31 13:22:46,286 INFO  [org.wildfly.extension.metrics] (ServerService Thread Pool -- 64) WFLYMETRICS0001: Activating Base Metrics Subsystem
2024-05-31 13:22:46,306 INFO  [org.jboss.as.ejb3] (MSC service thread 1-6) WFLYEJB0482: Strict pool mdb-strict-max-pool is using a max instance size of 16 (per class), which is derived from the number of CPUs on this host.
2024-05-31 13:22:46,311 INFO  [org.jboss.as.ejb3] (MSC service thread 1-2) WFLYEJB0481: Strict pool slsb-strict-max-pool is using a max instance size of 16 (per class), which is derived from thread worker pool sizing.
2024-05-31 13:22:46,318 INFO  [org.jboss.as.naming] (MSC service thread 1-6) WFLYNAM0003: Starting Naming Service
2024-05-31 13:22:46,320 INFO  [org.jboss.as.mail.extension] (MSC service thread 1-6) WFLYMAIL0001: Bound mail session [java:jboss/mail/Default]
2024-05-31 13:22:46,351 WARN  [org.jboss.as.txn] (ServerService Thread Pool -- 74) WFLYTX0013: The node-identifier attribute on the /subsystem=transactions is set to the default value. This is a danger for environments running multiple servers. Please make sure the attribute value is unique.
2024-05-31 13:22:46,414 INFO  [org.jboss.as.webservices] (ServerService Thread Pool -- 76) WFLYWS0002: Activating WebServices Extension
2024-05-31 13:22:46,569 INFO  [org.wildfly.extension.undertow] (MSC service thread 1-4) WFLYUT0003: Undertow 2.3.13.Final starting
2024-05-31 13:22:46,709 INFO  [org.wildfly.extension.undertow] (MSC service thread 1-3) WFLYUT0012: Started server default-server.
2024-05-31 13:22:46,714 INFO  [org.wildfly.extension.undertow] (MSC service thread 1-6) Queuing requests.
2024-05-31 13:22:46,715 INFO  [org.wildfly.extension.undertow] (MSC service thread 1-6) WFLYUT0018: Host default-host starting
2024-05-31 13:22:46,710 INFO  [org.wildfly.extension.undertow] (ServerService Thread Pool -- 75) WFLYUT0014: Creating file handler for path '/home/carlos/Documents/GenericOnlineLibrary/backend/wildfly-32.0.0.Final/welcome-content' with options [directory-listing: 'false', follow-symlink: 'false', case-sensitive: 'true', safe-symlink-paths: '[]']
2024-05-31 13:22:46,786 INFO  [org.wildfly.extension.undertow] (MSC service thread 1-4) WFLYUT0006: Undertow HTTP listener default listening on 127.0.0.1:8080
2024-05-31 13:22:46,854 INFO  [org.wildfly.extension.undertow] (MSC service thread 1-2) WFLYUT0006: Undertow HTTPS listener https listening on 127.0.0.1:8443
2024-05-31 13:22:46,943 INFO  [org.jboss.as.ejb3] (MSC service thread 1-4) WFLYEJB0493: Jakarta Enterprise Beans subsystem suspension complete
2024-05-31 13:22:47,123 INFO  [org.jboss.as.connector.subsystems.datasources] (MSC service thread 1-6) WFLYJCA0001: Bound data source [java:jboss/datasources/ExampleDS]
2024-05-31 13:22:47,276 INFO  [org.jboss.as.server.deployment.scanner] (MSC service thread 1-5) WFLYDS0013: Started FileSystemDeploymentService for directory /home/carlos/Documents/GenericOnlineLibrary/backend/wildfly-32.0.0.Final/standalone/deployments
2024-05-31 13:22:47,505 INFO  [org.jboss.ws.common.management] (MSC service thread 1-3) JBWS022052: Starting JBossWS 7.1.0.Final (Apache CXF 4.0.4) 
2024-05-31 13:22:47,782 INFO  [org.jboss.as.server] (Controller Boot Thread) WFLYSRV0212: Resuming server
2024-05-31 13:22:47,793 INFO  [org.jboss.as] (Controller Boot Thread) WFLYSRV0060: Http management interface listening on http://127.0.0.1:9990/management
2024-05-31 13:22:47,794 INFO  [org.jboss.as] (Controller Boot Thread) WFLYSRV0051: Admin console listening on http://127.0.0.1:9990
2024-05-31 13:22:47,802 INFO  [org.jboss.as] (Controller Boot Thread) WFLYSRV0025: WildFly Full 32.0.0.Final (WildFly Core 24.0.0.Final) started in 7391ms - Started 281 of 523 services (319 services are lazy, passive or on-demand) - Server configuration file in use: standalone.xml
2024-05-31 13:23:09,782 INFO  [org.jboss.as.server] (management-handler-thread - 1) WFLYSRV0272: Suspending server
2024-05-31 13:23:09,791 INFO  [org.jboss.as.ejb3] (management-handler-thread - 1) WFLYEJB0493: Jakarta Enterprise Beans subsystem suspension complete
2024-05-31 13:23:09,792 INFO  [org.jboss.as.server] (Management Triggered Shutdown) WFLYSRV0241: Shutting down in response to management operation 'shutdown'
2024-05-31 13:23:09,829 INFO  [org.jboss.as.connector.subsystems.datasources] (MSC service thread 1-3) WFLYJCA0010: Unbound data source [java:jboss/datasources/ExampleDS]
2024-05-31 13:23:09,830 INFO  [org.jboss.as.mail.extension] (MSC service thread 1-2) WFLYMAIL0002: Unbound mail session [java:jboss/mail/Default]
2024-05-31 13:23:09,830 INFO  [org.wildfly.extension.undertow] (MSC service thread 1-3) WFLYUT0019: Host default-host stopping
2024-05-31 13:23:09,834 INFO  [org.wildfly.extension.undertow] (MSC service thread 1-3) WFLYUT0008: Undertow HTTPS listener https suspending
2024-05-31 13:23:09,835 INFO  [org.wildfly.extension.undertow] (MSC service thread 1-5) WFLYUT0008: Undertow HTTP listener default suspending
2024-05-31 13:23:09,842 INFO  [org.wildfly.extension.undertow] (MSC service thread 1-5) WFLYUT0007: Undertow HTTP listener default stopped, was bound to 127.0.0.1:8080
2024-05-31 13:23:09,843 INFO  [org.wildfly.extension.undertow] (MSC service thread 1-3) WFLYUT0007: Undertow HTTPS listener https stopped, was bound to 127.0.0.1:8443
2024-05-31 13:23:09,845 INFO  [org.wildfly.extension.undertow] (MSC service thread 1-5) WFLYUT0004: Undertow 2.3.13.Final stopping
2024-05-31 13:23:09,875 INFO  [org.jboss.as.connector.deployers.jdbc] (MSC service thread 1-1) WFLYJCA0019: Stopped Driver service with driver-name = h2
2024-05-31 13:23:09,905 INFO  [org.jboss.as] (MSC service thread 1-4) WFLYSRV0050: WildFly Full 32.0.0.Final (WildFly Core 24.0.0.Final) stopped in 84ms
